    Updating crates.io index
    Updating git repository `https://github.com/raydium-io/raydium-clmm`
    Updating git repository `https://github.com/raydium-io/parity-common`
 Downloading crates ...
  Downloaded aes-gcm-siv v0.11.1
  Downloaded anchor-attribute-event v0.32.1
  Downloaded aead v0.5.2
  Downloaded block-buffer v0.10.4
  Downloaded anchor-lang-idl-spec v0.1.0
  Downloaded anchor-attribute-program v0.32.1
  Downloaded anchor-attribute-error v0.32.1
  Downloaded anchor-attribute-account v0.32.1
  Downloaded anchor-attribute-access-control v0.32.1
  Downloaded block-buffer v0.9.0
  Downloaded anchor-derive-serde v0.32.1
  Downloaded keccak v0.1.5
  Downloaded anchor-attribute-constant v0.32.1
  Downloaded num-derive v0.4.2
  Downloaded generic-array v0.14.7
  Downloaded memoffset v0.9.1
  Downloaded cfg-if v1.0.4
  Downloaded tinyvec_macros v0.1.1
  Downloaded five8_const v0.1.4
  Downloaded libsecp256k1-gen-genmult v0.2.1
  Downloaded inout v0.1.4
  Downloaded universal-hash v0.5.1
  Downloaded cpufeatures v0.2.17
  Downloaded five8_core v0.1.2
  Downloaded zeroize_derive v1.4.3
  Downloaded version_check v0.9.5
  Downloaded hex v0.4.3
  Downloaded itoa v1.0.17
  Downloaded heck v0.3.3
  Downloaded borsh-derive-internal v0.10.4
  Downloaded pbkdf2 v0.11.0
  Downloaded percent-encoding v2.3.2
  Downloaded qstring v0.7.2
  Downloaded proc-macro-crate v0.1.5
  Downloaded num-derive v0.3.3
  Downloaded libsecp256k1-gen-ecmult v0.2.1
  Downloaded spl-token-confidential-transfer-ciphertext-arithmetic v0.3.1
  Downloaded rand_chacha v0.3.1
  Downloaded proc-macro-crate v3.4.0
  Downloaded cfg_aliases v0.2.1
  Downloaded anchor-derive-accounts v0.32.1
  Downloaded solana-loader-v3-interface v5.0.0
  Downloaded solana-curve25519 v2.3.13
  Downloaded solana-serde-varint v2.2.2
  Downloaded rustc_version v0.4.1
  Downloaded solana-fee-calculator v2.2.1
  Downloaded solana-account-info v2.3.0
  Downloaded solana-epoch-rewards v2.2.1
  Downloaded solana-keccak-hasher v2.2.1
  Downloaded crypto-common v0.1.7
  Downloaded solana-borsh v2.2.1
  Downloaded solana-nonce v2.2.1
  Downloaded solana-instructions-sysvar v2.2.2
  Downloaded solana-program-error v2.2.2
  Downloaded solana-native-token v2.3.0
  Downloaded solana-big-mod-exp v2.2.1
  Downloaded feature-probe v0.1.1
  Downloaded solana-sdk-macro v2.2.1
  Downloaded solana-epoch-schedule v2.2.1
  Downloaded solana-secp256k1-recover v2.2.1
  Downloaded solana-decode-error v2.3.0
  Downloaded solana-blake3-hasher v2.2.1
  Downloaded solana-sdk-ids v2.2.1
  Downloaded borsh-derive v0.10.4
  Downloaded anchor-derive-space v0.32.1
  Downloaded derivation-path v0.2.0
  Downloaded solana-sanitize v2.2.1
  Downloaded borsh-schema-derive-internal v0.10.4
  Downloaded solana-loader-v3-interface v3.0.0
  Downloaded ppv-lite86 v0.2.21
  Downloaded solana-clock v2.2.2
  Downloaded polyval v0.6.2
  Downloaded toml_datetime v0.7.5+spec-1.1.0
  Downloaded solana-hash v2.3.0
  Downloaded solana-define-syscall v2.3.0
  Downloaded merlin v3.0.0
  Downloaded solana-seed-phrase v2.2.1
  Downloaded solana-example-mocks v2.2.1
  Downloaded solana-address-lookup-table-interface v2.2.2
  Downloaded solana-serialize-utils v2.2.1
  Downloaded solana-short-vec v2.2.1
  Downloaded anchor-lang-idl v0.1.2
  Downloaded solana-seed-derivable v2.2.1
  Downloaded fnv v1.0.7
  Downloaded solana-rent v2.2.1
  Downloaded solana-loader-v2-interface v2.2.1
  Downloaded constant_time_eq v0.3.1
  Downloaded solana-program-entrypoint v2.3.0
  Downloaded solana-program-pack v2.2.1
  Downloaded solana-program-memory v2.3.1
  Downloaded digest v0.9.0
  Downloaded solana-invoke v0.4.0
  Downloaded thiserror-impl v2.0.17
  Downloaded thiserror-impl v1.0.69
  Downloaded thiserror v2.0.17
  Downloaded thiserror v1.0.69
  Downloaded solana-cpi v2.2.1
  Downloaded solana-bincode v2.2.1
  Downloaded rand_chacha v0.2.2
  Downloaded zeroize v1.8.2
  Downloaded crunchy v0.2.4
  Downloaded solana-feature-gate-interface v2.2.2
  Downloaded rand_core v0.6.4
  Downloaded quote v1.0.42
  Downloaded solana-account v2.2.1
  Downloaded shlex v1.3.0
  Downloaded arrayvec v0.7.6
  Downloaded solana-pubkey v2.4.0
  Downloaded unicode-ident v1.0.22
  Downloaded digest v0.10.7
  Downloaded find-msvc-tools v0.1.6
  Downloaded serde_bytes v0.11.19
  Downloaded solana-signer v2.2.1
  Downloaded rustversion v1.0.22
  Downloaded spl-program-error-derive v0.5.0
  Downloaded spl-discriminator-syn v0.2.1
  Downloaded spl-memo v4.0.3
  Downloaded solana-sysvar-id v2.2.1
  Downloaded solana-stable-layout v2.2.1
  Downloaded static_assertions v1.1.0
  Downloaded zmij v1.0.3
  Downloaded spl-program-error v0.7.0
  Downloaded solana-system-interface v1.0.0
  Downloaded solana-instruction v2.3.3
  Downloaded bitflags v2.10.0
  Downloaded byteorder v1.5.0
  Downloaded equivalent v1.0.2
  Downloaded solana-program-option v2.2.1
  Downloaded sha2 v0.10.9
  Downloaded sha2 v0.9.9
  Downloaded spl-discriminator-derive v0.2.0
  Downloaded semver v1.0.27
  Downloaded spl-token-group-interface v0.6.0
  Downloaded tinyvec v1.10.0
  Downloaded rand_core v0.5.1
  Downloaded solana-slot-hashes v2.2.1
  Downloaded spl-elgamal-registry v0.2.0
  Downloaded subtle v2.6.1
  Downloaded uriparse v0.6.4
  Downloaded foldhash v0.1.5
  Downloaded toml_parser v1.0.6+spec-1.1.0
  Downloaded proc-macro2 v1.0.104
  Downloaded toml v0.5.11
  Downloaded num_enum_derive v0.7.5
  Downloaded getrandom v0.1.16
  Downloaded libsecp256k1 v0.6.0
  Downloaded serde_derive v1.0.228
  Downloaded serde_core v1.0.228
  Downloaded cipher v0.4.4
  Downloaded arrayref v0.3.9
  Downloaded rand v0.8.5
  Downloaded serde v1.0.228
  Downloaded unicode-segmentation v1.12.0
  Downloaded borsh-derive v1.6.0
  Downloaded bincode v1.3.3
  Downloaded typenum v1.19.0
  Downloaded toml_edit v0.23.10+spec-1.0.0
  Downloaded lazy_static v1.5.0
  Downloaded borsh v0.10.4
  Downloaded autocfg v1.5.0
  Downloaded ctr v0.9.2
  Downloaded bytemuck_derive v1.10.2
  Downloaded rand v0.7.3
  Downloaded solana-sha256-hasher v2.3.0
  Downloaded solana-slot-history v2.2.1
  Downloaded solana-security-txt v1.1.2
  Downloaded solana-last-restart-slot v2.2.1
  Downloaded spl-token-metadata-interface v0.7.0
  Downloaded five8 v0.2.1
  Downloaded solana-msg v2.2.1
  Downloaded solana-loader-v4-interface v2.2.1
  Downloaded solana-derivation-path v2.2.1
  Downloaded solana-atomic-u64 v2.2.1
  Downloaded serde_json v1.0.148
  Downloaded spl-associated-token-account-client v2.0.0
  Downloaded solana-message v2.4.0
  Downloaded solana-transaction-error v2.2.1
  Downloaded spl-type-length-value v0.8.0
  Downloaded spl-pod v0.5.1
  Downloaded spl-token-confidential-transfer-proof-extraction v0.3.0
  Downloaded solana-sysvar v2.3.0
  Downloaded solana-program v2.3.0
  Downloaded either v1.15.0
  Downloaded spl-memo v6.0.0
  Downloaded solana-signature v2.3.0
  Downloaded once_cell v1.21.3
  Downloaded num_enum v0.7.5
  Downloaded winnow v0.7.14
  Downloaded num-integer v0.1.46
  Downloaded getrandom v0.2.16
  Downloaded syn v1.0.109
  Downloaded zerocopy v0.8.31
  Downloaded syn v2.0.112
  Downloaded num-traits v0.2.19
  Downloaded allocator-api2 v0.2.21
  Downloaded ahash v0.8.12
  Downloaded bs58 v0.5.1
  Downloaded anchor-lang v0.32.1
  Downloaded opaque-debug v0.3.1
  Downloaded bv v0.11.1
  Downloaded spl-transfer-hook-interface v0.10.0
  Downloaded spl-token-confidential-transfer-proof-generation v0.4.1
  Downloaded hmac v0.12.1
  Downloaded sha3 v0.10.8
  Downloaded spl-discriminator v0.4.1
  Downloaded log v0.4.29
  Downloaded anyhow v1.0.100
  Downloaded bytemuck v1.24.0
  Downloaded anchor-spl v0.32.1
  Downloaded solana-stake-interface v1.2.1
  Downloaded spl-tlv-account-resolution v0.10.0
  Downloaded solana-vote-interface v2.2.6
  Downloaded base64 v0.22.1
  Downloaded libsecp256k1-core v0.2.2
  Downloaded spl-token v8.0.0
  Downloaded spl-associated-token-account v7.0.0
  Downloaded memchr v2.7.6
  Downloaded base64 v0.21.7
  Downloaded cc v1.2.51
  Downloaded base64 v0.12.3
  Downloaded borsh v1.6.0
  Downloaded num-bigint v0.4.6
  Downloaded hashbrown v0.13.2
  Downloaded aes v0.8.4
  Downloaded indexmap v2.12.1
  Downloaded anchor-syn v0.32.1
  Downloaded hashbrown v0.15.2
  Downloaded hashbrown v0.16.1
  Downloaded itertools v0.12.1
  Downloaded blake3 v1.8.2
  Downloaded spl-token-2022 v8.0.1
  Downloaded mpl-token-metadata v5.1.1
  Downloaded curve25519-dalek v4.1.3
  Downloaded libc v0.2.178
  Downloaded solana-zk-sdk v2.3.13
error: package `borsh v1.6.0` cannot be built because it requires rustc 1.77.0 or newer, while the currently active rustc version is 1.75.0-dev
Note that this is the rustc version that ships with Solana tools and not your system's rustc version. Use `solana-install update` or head over to https://docs.solanalabs.com/cli/install to install a newer version.
Either upgrade to rustc 1.77.0 or newer, or use
cargo update borsh@1.6.0 --precise ver
where `ver` is the latest version of `borsh` supporting rustc 1.75.0-dev
